<?xml version="1.0" encoding="UTF-8"?>
<testng-results ignored="0" total="3" passed="3" failed="0" skipped="0">
  <reporter-output>
  </reporter-output>
  <suite started-at="2020-07-15T00:15:25 IST" name="ITM web application Test Automation Suite" finished-at="2020-07-15T00:16:00 IST" duration-ms="34783">
    <groups>
    </groups>
    <test started-at="2020-07-15T00:15:25 IST" name="ITM App Test cases" finished-at="2020-07-15T00:16:00 IST" duration-ms="34783">
      <class name="com.qa.TestCases.LoginPageTest">
        <test-method is-config="true" signature="setUp()[pri:0, instance:com.qa.TestCases.LoginPageTest@4ddced80]" started-at="2020-07-15T00:15:25 IST" name="setUp" finished-at="2020-07-15T00:15:35 IST" duration-ms="10064" status="PASS">
          <reporter-output>
          </reporter-output>
        </test-method> <!-- setUp -->
        <test-method signature="loginPageTitleTest()[pri:1, instance:com.qa.TestCases.LoginPageTest@4ddced80]" started-at="2020-07-15T00:15:35 IST" name="loginPageTitleTest" finished-at="2020-07-15T00:15:35 IST" duration-ms="14" status="PASS">
          <reporter-output>
          </reporter-output>
        </test-method> <!-- loginPageTitleTest -->
        <test-method is-config="true" signature="tearDown()[pri:0, instance:com.qa.TestCases.LoginPageTest@4ddced80]" started-at="2020-07-15T00:15:35 IST" name="tearDown" finished-at="2020-07-15T00:15:36 IST" duration-ms="681" status="PASS">
          <reporter-output>
          </reporter-output>
        </test-method> <!-- tearDown -->
        <test-method is-config="true" signature="setUp()[pri:0, instance:com.qa.TestCases.LoginPageTest@4ddced80]" started-at="2020-07-15T00:15:36 IST" name="setUp" finished-at="2020-07-15T00:15:45 IST" duration-ms="9261" status="PASS">
          <reporter-output>
          </reporter-output>
        </test-method> <!-- setUp -->
        <test-method signature="validateLogoTest()[pri:2, instance:com.qa.TestCases.LoginPageTest@4ddced80]" started-at="2020-07-15T00:15:45 IST" name="validateLogoTest" finished-at="2020-07-15T00:15:45 IST" duration-ms="56" status="PASS">
          <reporter-output>
          </reporter-output>
        </test-method> <!-- validateLogoTest -->
        <test-method is-config="true" signature="tearDown()[pri:0, instance:com.qa.TestCases.LoginPageTest@4ddced80]" started-at="2020-07-15T00:15:45 IST" name="tearDown" finished-at="2020-07-15T00:15:46 IST" duration-ms="647" status="PASS">
          <reporter-output>
          </reporter-output>
        </test-method> <!-- tearDown -->
        <test-method is-config="true" signature="setUp()[pri:0, instance:com.qa.TestCases.LoginPageTest@4ddced80]" started-at="2020-07-15T00:15:46 IST" name="setUp" finished-at="2020-07-15T00:15:55 IST" duration-ms="9451" status="PASS">
          <reporter-output>
          </reporter-output>
        </test-method> <!-- setUp -->
        <test-method signature="loginTest()[pri:3, instance:com.qa.TestCases.LoginPageTest@4ddced80]" started-at="2020-07-15T00:15:55 IST" name="loginTest" finished-at="2020-07-15T00:15:59 IST" duration-ms="3876" status="PASS">
          <reporter-output>
          </reporter-output>
        </test-method> <!-- loginTest -->
        <test-method is-config="true" signature="tearDown()[pri:0, instance:com.qa.TestCases.LoginPageTest@4ddced80]" started-at="2020-07-15T00:15:59 IST" name="tearDown" finished-at="2020-07-15T00:16:00 IST" duration-ms="689" status="PASS">
          <reporter-output>
          </reporter-output>
        </test-method> <!-- tearDown -->
      </class> <!-- com.qa.TestCases.LoginPageTest -->
    </test> <!-- ITM App Test cases -->
  </suite> <!-- ITM web application Test Automation Suite -->
</testng-results>
