<?xml version="1.0" encoding="UTF-8"?>
<!-- Generated by org.testng.reporters.JUnitXMLReporter -->
<testsuite ignored="0" hostname="DESKTOP-SKQU5MH" failures="1" tests="7" name="ITM App Test cases" time="101.079" errors="0" timestamp="2020-07-17T19:49:59 IST">
  <testcase classname="com.qa.TestCases.LoginPageTest" name="loginPageTitleTest" time="0.016"/>
  <testcase classname="com.qa.TestCases.LoginPageTest" name="validateLogoTest" time="0.131"/>
  <testcase classname="com.qa.TestCases.LoginPageTest" name="loginTest" time="3.751"/>
  <testcase classname="com.qa.TestCases.HomePageTest" name="HomePageTitleTest" time="0.022">
    <failure type="java.lang.AssertionError" message="Title is not as expected expected [Login - ITM] but found [Dashboard - ITM]">
      <![CDATA[java.lang.AssertionError: Title is not as expected expected [Login - ITM] but found [Dashboard - ITM]
at com.qa.TestCases.HomePageTest.HomePageTitleTest(HomePageTest.java:40)
at java.base/java.util.ArrayList.forEach(ArrayList.java:1511)
... Removed 31 stack frames]]>
    </failure>
  </testcase> <!-- HomePageTitleTest -->
  <testcase classname="com.qa.TestCases.HomePageTest" name="validateLogoTest" time="0.057"/>
  <testcase classname="com.qa.TestCases.HomePageTest" name="ClickingOnDevices" time="3.295"/>
  <testcase classname="com.qa.TestCases.HomePageTest" name="HPageTest" time="0.065"/>
</testsuite> <!-- ITM App Test cases -->
