<?xml version="1.0" encoding="UTF-8"?>
<!-- Generated by org.testng.reporters.JUnitXMLReporter -->
<testsuite ignored="0" hostname="TTLAPTOP1061" failures="0" tests="3" name="ITM App Test cases" time="34.783" errors="0" timestamp="2020-07-15T00:16:00 IST">
  <testcase classname="com.qa.TestCases.LoginPageTest" name="loginPageTitleTest" time="0.014"/>
  <testcase classname="com.qa.TestCases.LoginPageTest" name="validateLogoTest" time="0.056"/>
  <testcase classname="com.qa.TestCases.LoginPageTest" name="loginTest" time="3.876"/>
</testsuite> <!-- ITM App Test cases -->
